<?xml version="1.0" encoding="utf-8"?><testsuites name="pytest tests"><testsuite name="pytest" errors="0" failures="0" skipped="0" tests="5" time="0.657" timestamp="2026-06-13T05:06:10.419508+00:00" hostname="agent-env-a1e9e9ba-bbbc-4135-9d24-f72b44ae12f1"><testcase classname="backend.tests.test_backend.TestHealth" name="test_health_status_ok" time="0.152" /><testcase classname="backend.tests.test_backend.TestSprites" name="test_sprites_endpoint_returns_list" time="0.093" /><testcase classname="backend.tests.test_backend.TestSprites" name="test_sprites_count_is_22" time="0.116" /><testcase classname="backend.tests.test_backend.TestSprites" name="test_sprites_contain_required_files" time="0.098" /><testcase classname="backend.tests.test_backend.TestSprites" name="test_sprite_png_accessible" time="0.134" /></testsuite></testsuites>